2026-03-09 15:21:23,506 [INFO] ============================================================
2026-03-09 15:21:23,507 [INFO] MDM 표준화 엔진 v1.1 시작
2026-03-09 15:21:23,507 [INFO] 입력 파일: data/sample_input.csv
2026-03-09 15:21:23,517 [INFO] 총 10행 로드
2026-03-09 15:21:23,559 [INFO] [1] RawInputNormalizer 완료
2026-03-09 15:21:24,425 [INFO] [DB] StandardDBLoader 초기화 완료
2026-03-09 15:21:24,428 [INFO] [1/10] 관리번호=28709691 품명=라인레이저레벨기
2026-03-09 15:21:24,452 [INFO]   [9] 품명매핑: '라인레이저레벨기' → '라인레이저레벨기' [high]
2026-03-09 15:21:24,455 [INFO]   → 품명:라인레이저레벨기 | 제조사:신영측기 | 모델명:P5000 II | 정책:MODEL_CENTERED | 플래그:['FLAG_MEMO_OVERRIDE', 'FLAG_FIRSTINFO_DIFF', 'FLAG_SPEC_FRAGMENTED']
2026-03-09 15:21:24,457 [INFO] [2/10] 관리번호=28712441 품명=백엽상(파이프형)
2026-03-09 15:21:24,459 [INFO]   처리불가: 제작품/주문제작
2026-03-09 15:21:24,459 [INFO]   → 처리불가: 제작품/주문제작
2026-03-09 15:21:24,460 [INFO] [3/10] 관리번호=28717534 품명=수건/타월
2026-03-09 15:21:24,462 [INFO]   [6] FactFinder 스킵 (policy=BRAND_CENTERED)
2026-03-09 15:21:24,621 [INFO]   [9] 품명매핑: '수건/타월' → '수건' [medium]
2026-03-09 15:21:24,623 [INFO]   [10] 속성미충족: ['사이즈', '용량', '중량', '색상', '향기종류', '입수량', '타입']
2026-03-09 15:21:24,624 [INFO]   → 품명:수건 | 제조사:시중품 | 모델명: | 정책:BRAND_CENTERED | 플래그:['FLAG_SIJUNGPUM', 'FLAG_MODEL_MISSING', 'FLAG_STORE_AS_MAKER', 'FLAG_URL_ONLY_EVIDENCE', 'FLAG_ATTR_INCOMPLETE']
2026-03-09 15:21:24,625 [INFO] [4/10] 관리번호=28717847 품명=혁명티슈
2026-03-09 15:21:24,628 [INFO]   [6] FactFinder 스킵 (policy=BRAND_CENTERED)
2026-03-09 15:21:24,790 [INFO]   [9] 품명매핑: '혁명티슈' → '물티슈' [high]
2026-03-09 15:21:24,791 [INFO]   [10] 속성미충족: ['사이즈', '재질', '평량', '겹수', '매수', '입수량', '타입']
2026-03-09 15:21:24,792 [INFO]   → 품명:물티슈 | 제조사:시중품 | 모델명: | 정책:BRAND_CENTERED | 플래그:['FLAG_SIJUNGPUM', 'FLAG_MODEL_MISSING', 'FLAG_ATTR_INCOMPLETE']
2026-03-09 15:21:24,793 [INFO] [5/10] 관리번호=28718211 품명=엘라스토머링
2026-03-09 15:21:24,796 [INFO]   [6] FactFinder 스킵 (policy=GENERIC)
2026-03-09 15:21:24,972 [INFO]   [9] 품명매핑: '엘라스토머링' → '오링' [high]
2026-03-09 15:21:24,973 [INFO]   [10] 속성미충족: ['색상', '홀개수', '입수량']
2026-03-09 15:21:24,974 [INFO]   → 품명:오링 | 제조사:btchangsheng | 모델명:MT4 | 정책:GENERIC | 플래그:['FLAG_SPEC_FRAGMENTED', 'FLAG_CATEGORY_UNKNOWN', 'FLAG_ATTR_INCOMPLETE']
2026-03-09 15:21:24,975 [INFO] [6/10] 관리번호=28718254 품명=타이머/카운터
2026-03-09 15:21:25,040 [INFO]   [9] 품명매핑: '타이머/카운터' → '카운터타이머' [high]
2026-03-09 15:21:25,041 [INFO]   [10] 속성미충족: ['사이즈', '측정범위', '입력사양', '출력(W)', '정격전압', '타입']
2026-03-09 15:21:25,440 [INFO]   [11] 제조사 비표준: '건흥전기(KOINO)' → 후보: []
2026-03-09 15:21:25,441 [INFO]   → 품명:카운터타이머 | 제조사:건흥전기(KOINO) | 모델명:KH-RS-R11 | 정책:MODEL_CENTERED | 플래그:['FLAG_ATTR_INCOMPLETE', 'FLAG_MAKER_NONSTANDARD']
2026-03-09 15:21:25,442 [INFO] [7/10] 관리번호=28719069 품명=LAMP_LAMP HEATER________#11
2026-03-09 15:21:25,444 [INFO]   처리불가: 비표준확정 요청
2026-03-09 15:21:25,445 [INFO]   → 처리불가: 비표준확정 요청
2026-03-09 15:21:25,446 [INFO] [8/10] 관리번호=28719474 품명=사계절용 패드
2026-03-09 15:21:25,448 [INFO]   처리불가: 제작품/주문제작
2026-03-09 15:21:25,449 [INFO]   → 처리불가: 제작품/주문제작
2026-03-09 15:21:25,451 [INFO] [9/10] 관리번호=28721055 품명=Accelerometer
2026-03-09 15:21:25,454 [INFO]   [9] 품명매핑: 'Accelerometer' → '가속도센서' [high]
2026-03-09 15:21:25,455 [INFO]   [10] 속성미충족: ['사이즈', '중량', '측정범위', '정격전압', '출력(W)', '배선사양']
2026-03-09 15:21:25,472 [INFO]   → 품명:가속도센서 | 제조사:MEGGITT | 모델명:144-202-000-105 | 정책:MODEL_CENTERED | 플래그:['FLAG_ATTR_INCOMPLETE']
2026-03-09 15:21:25,474 [INFO] [10/10] 관리번호=28721109 품명=근접센서
2026-03-09 15:21:25,477 [INFO]   [9] 품명매핑: '근접센서' → '근접센서' [high]
2026-03-09 15:21:25,478 [INFO]   [10] 속성미충족: ['중량', '출력(W)']
2026-03-09 15:21:25,496 [INFO]   → 품명:근접센서 | 제조사:MEGGITT | 모델명:111-902-000-011-A5 | 정책:MODEL_CENTERED | 플래그:['FLAG_FIRSTINFO_DIFF', 'FLAG_SPEC_FRAGMENTED', 'FLAG_ATTR_INCOMPLETE']
2026-03-09 15:21:26,167 [INFO] 
결과 저장 완료: output\표준화결과_20260309_152125.xlsx
2026-03-09 15:21:26,168 [INFO] ============================================================
2026-03-09 15:21:26,168 [INFO] 처리 완료: 총 10건
2026-03-09 15:21:26,168 [INFO]   - 표준화 성공: 7건
2026-03-09 15:21:26,169 [INFO]   - 처리불가:   3건
2026-03-09 15:21:26,169 [INFO]   - 수동검토 필요: 2건
2026-03-09 15:21:26,169 [INFO] ============================================================
