2026-03-09 11:14:17,618 [INFO] ============================================================
2026-03-09 11:14:17,619 [INFO] MDM 표준화 엔진 v1.1 시작
2026-03-09 11:14:17,619 [INFO] 입력 파일: data/sample_input.csv
2026-03-09 11:14:17,630 [INFO] 총 10행 로드
2026-03-09 11:14:17,655 [INFO] [1] RawInputNormalizer 완료
2026-03-09 11:14:18,137 [INFO] [DB] StandardDBLoader 초기화 완료
2026-03-09 11:14:18,139 [INFO] [1/10] 관리번호=28709691 품명=라인레이저레벨기
2026-03-09 11:14:18,160 [INFO]   [9] 품명매핑: '라인레이저레벨기' → '라인레이저레벨기' [high]
2026-03-09 11:14:18,160 [INFO]   [10] 속성미충족: ['사이즈', '중량', '감도', '등급']
2026-03-09 11:14:18,161 [INFO]   → 품명:라인레이저레벨기 | 제조사:신영측기 | 모델명:P5000G | 정책:MODEL_CENTERED | 플래그:['FLAG_MEMO_OVERRIDE', 'FLAG_FIRSTINFO_DIFF', 'FLAG_SPEC_FRAGMENTED', 'FLAG_ATTR_INCOMPLETE']
2026-03-09 11:14:18,162 [INFO] [2/10] 관리번호=28712441 품명=백엽상(파이프형)
2026-03-09 11:14:18,163 [INFO]   처리불가: 제작품/주문제작
2026-03-09 11:14:18,163 [INFO]   → 처리불가: 제작품/주문제작
2026-03-09 11:14:18,163 [INFO] [3/10] 관리번호=28717534 품명=수건/타월
2026-03-09 11:14:18,174 [INFO]   [9] 품명매핑: '수건/타월' → '수건' [medium]
2026-03-09 11:14:18,175 [INFO]   [10] 속성미충족: ['사이즈', '용량', '중량', '색상', '향기종류', '입수량', '타입']
2026-03-09 11:14:18,175 [INFO]   → 품명:수건 | 제조사:시중품 | 모델명: | 정책:BRAND_CENTERED | 플래그:['FLAG_SIJUNGPUM', 'FLAG_MODEL_MISSING', 'FLAG_STORE_AS_MAKER', 'FLAG_URL_ONLY_EVIDENCE', 'FLAG_ATTR_INCOMPLETE']
2026-03-09 11:14:18,176 [INFO] [4/10] 관리번호=28717847 품명=혁명티슈
2026-03-09 11:14:18,177 [INFO]   FactFinder 실행: maker_missing
2026-03-09 11:14:18,177 [INFO]   네이버 검색: 혁명티슈
2026-03-09 11:14:19,600 [INFO]   NaverFact 성공: ['혁명티슈', '데일리아이디어', '에스제이지']
2026-03-09 11:14:19,688 [INFO]   [9] 품명매핑: '혁명티슈' → '혁명티슈' [low]
2026-03-09 11:14:19,895 [INFO]   [11] 제조사 비표준: '혁명티슈' → 후보: []
2026-03-09 11:14:19,896 [INFO]   → 품명:혁명티슈 | 제조사:혁명티슈 | 모델명: | 정책:BRAND_CENTERED | 플래그:['FLAG_MODEL_MISSING', 'FLAG_LOW_CONFIDENCE', 'FLAG_MAKER_NONSTANDARD']
2026-03-09 11:14:19,896 [INFO] [5/10] 관리번호=28718211 품명=엘라스토머링
2026-03-09 11:14:19,897 [INFO]   FactFinder 실행: maker_missing
2026-03-09 11:14:19,898 [INFO]   URL 크롤링: http://www.btchangsheng.cn/content/104.html
2026-03-09 11:14:22,247 [INFO]   PageFact 성공: []
2026-03-09 11:14:22,330 [INFO]   [9] 품명매핑: '엘라스토머링' → '엘라스토머링' [low]
2026-03-09 11:14:22,331 [INFO]   → 품명:엘라스토머링 | 제조사:btchangsheng | 모델명:MT4 | 정책:GENERIC | 플래그:['FLAG_SPEC_FRAGMENTED', 'FLAG_LOW_CONFIDENCE', 'FLAG_CATEGORY_UNKNOWN']
2026-03-09 11:14:22,331 [INFO] [6/10] 관리번호=28718254 품명=타이머/카운터
2026-03-09 11:14:22,348 [INFO]   [9] 품명매핑: '타이머/카운터' → '카운터' [medium]
2026-03-09 11:14:22,348 [INFO]   [10] 속성미충족: ['사이즈', '측정범위', '입력사양', '출력(W)', '정격전압', '타입']
2026-03-09 11:14:22,577 [INFO]   [11] 제조사 비표준: '건흥전기(KOINO)' → 후보: []
2026-03-09 11:14:22,578 [INFO]   → 품명:카운터 | 제조사:건흥전기(KOINO) | 모델명:KH-RS-R11 | 정책:MODEL_CENTERED | 플래그:['FLAG_ATTR_INCOMPLETE', 'FLAG_MAKER_NONSTANDARD']
2026-03-09 11:14:22,578 [INFO] [7/10] 관리번호=28719069 품명=LAMP_LAMP HEATER________#11
2026-03-09 11:14:22,579 [INFO]   처리불가: 비표준확정 요청
2026-03-09 11:14:22,580 [INFO]   → 처리불가: 비표준확정 요청
2026-03-09 11:14:22,580 [INFO] [8/10] 관리번호=28719474 품명=사계절용 패드
2026-03-09 11:14:22,581 [INFO]   처리불가: 제작품/주문제작
2026-03-09 11:14:22,581 [INFO]   → 처리불가: 제작품/주문제작
2026-03-09 11:14:22,582 [INFO] [9/10] 관리번호=28721055 품명=Accelerometer
2026-03-09 11:14:22,589 [INFO]   [9] 품명매핑: 'Accelerometer' → '가속도센서' [high]
2026-03-09 11:14:22,590 [INFO]   [10] 속성미충족: ['사이즈', '중량', '측정범위', '정격전압', '출력(W)', '배선사양']
2026-03-09 11:14:22,597 [INFO]   → 품명:가속도센서 | 제조사:MEGGITT | 모델명:144-202-000-105 | 정책:MODEL_CENTERED | 플래그:['FLAG_ATTR_INCOMPLETE']
2026-03-09 11:14:22,597 [INFO] [10/10] 관리번호=28721109 품명=근접센서
2026-03-09 11:14:22,601 [INFO]   [9] 품명매핑: '근접센서' → '근접센서' [high]
2026-03-09 11:14:22,601 [INFO]   [10] 속성미충족: ['사이즈', '중량', '검출거리', '검출타입', '정격전압', '출력(W)', '배선사양']
2026-03-09 11:14:22,609 [INFO]   → 품명:근접센서 | 제조사:MEGGITT | 모델명:111-902-000-011-A5 | 정책:MODEL_CENTERED | 플래그:['FLAG_FIRSTINFO_DIFF', 'FLAG_SPEC_FRAGMENTED', 'FLAG_ATTR_INCOMPLETE']
2026-03-09 11:14:23,027 [INFO] 
결과 저장 완료: output\표준화결과_20260309_111422.xlsx
2026-03-09 11:14:23,027 [INFO] ============================================================
2026-03-09 11:14:23,028 [INFO] 처리 완료: 총 10건
2026-03-09 11:14:23,028 [INFO]   - 표준화 성공: 7건
2026-03-09 11:14:23,028 [INFO]   - 처리불가:   3건
2026-03-09 11:14:23,028 [INFO]   - 수동검토 필요: 3건
2026-03-09 11:14:23,028 [INFO] ============================================================
