2026-03-09 17:09:20,106 [INFO] ============================================================
2026-03-09 17:09:20,106 [INFO] MDM 표준화 엔진 v1.1 시작
2026-03-09 17:09:20,106 [INFO] 입력 파일: data/sample_input2.csv
2026-03-09 17:09:20,119 [INFO] 총 35행 로드
2026-03-09 17:09:20,153 [INFO] [1] RawInputNormalizer 완료
2026-03-09 17:09:21,136 [INFO] [DB] StandardDBLoader 초기화 완료
2026-03-09 17:09:21,138 [INFO] [1/35] 관리번호=28720870 품명=멜킨 반원형 폼롤러 EVA
2026-03-09 17:09:21,162 [INFO]   [6] FactFinder 스킵 (policy=BRAND_CENTERED)
2026-03-09 17:09:21,184 [INFO]   [9] 품명매핑: '멜킨 반원형 폼롤러 EVA' → '폼롤러' [medium]
2026-03-09 17:09:21,186 [INFO]   [10] 속성미충족: ['사이즈', '재질', '용량', '중량', '입수량']
2026-03-09 17:09:21,188 [INFO]   → 품명:폼롤러 | 제조사:MELKIN SPORTS | 모델명:EVA 폼롤러 반원형 | 정책:BRAND_CENTERED | 플래그:['FLAG_ATTR_INCOMPLETE']
2026-03-09 17:09:21,189 [INFO] [2/35] 관리번호=28720872 품명=AB 슬라이드 리바운드
2026-03-09 17:09:21,190 [INFO]   [6] FactFinder 스킵 (policy=GENERIC)
2026-03-09 17:09:21,360 [INFO]   [9] 품명매핑: 'AB 슬라이드 리바운드' → 'AB 슬라이드 리바운드' [low]
2026-03-09 17:09:21,370 [INFO]   → 품명:AB 슬라이드 리바운드 | 제조사:제로투히어로 | 모델명:AB Slide Rebound | 정책:GENERIC | 플래그:['FLAG_LOW_CONFIDENCE', 'FLAG_CATEGORY_UNKNOWN']
2026-03-09 17:09:21,372 [INFO] [3/35] 관리번호=28720892 품명=ES-1100 스트라이크 PS락
2026-03-09 17:09:21,373 [INFO]   [6] FactFinder 스킵 (policy=GENERIC)
2026-03-09 17:09:21,539 [INFO]   [9] 품명매핑: 'ES-1100 스트라이크 PS락' → 'ES-1100 스트라이크 PS락' [low]
2026-03-09 17:09:21,540 [INFO]   → 품명:ES-1100 스트라이크 PS락 | 제조사:시중품 | 모델명: | 정책:GENERIC | 플래그:['FLAG_SIJUNGPUM', 'FLAG_MODEL_MISSING', 'FLAG_STORE_AS_MAKER', 'FLAG_URL_ONLY_EVIDENCE', 'FLAG_CATEGORY_UNKNOWN']
2026-03-09 17:09:21,541 [INFO] [4/35] 관리번호=28721041 품명=와샤
2026-03-09 17:09:21,542 [INFO]   [6] FactFinder 스킵 (policy=GENERIC)
2026-03-09 17:09:21,716 [INFO]   [9] 품명매핑: '와샤' → '와샤' [low]
2026-03-09 17:09:21,717 [INFO]   → 품명:와샤 | 제조사:시중품 | 모델명: | 정책:GENERIC | 플래그:['FLAG_SIJUNGPUM', 'FLAG_MODEL_MISSING', 'FLAG_LOW_CONFIDENCE', 'FLAG_CATEGORY_UNKNOWN']
2026-03-09 17:09:21,717 [INFO] [5/35] 관리번호=28721055 품명=Accelerometer
2026-03-09 17:09:21,719 [INFO]   [9] 품명매핑: 'Accelerometer' → '가속도센서' [high]
2026-03-09 17:09:21,720 [INFO]   [10] 속성미충족: ['사이즈', '중량', '측정범위', '정격전압', '출력(W)', '배선사양']
2026-03-09 17:09:21,732 [INFO]   → 품명:가속도센서 | 제조사:MEGGITT | 모델명:144-202-000-105 | 정책:MODEL_CENTERED | 플래그:['FLAG_ATTR_INCOMPLETE']
2026-03-09 17:09:21,733 [INFO] [6/35] 관리번호=28721059 품명=Accelerometer
2026-03-09 17:09:21,735 [INFO]   [9] 품명매핑: 'Accelerometer' → '가속도센서' [high]
2026-03-09 17:09:21,735 [INFO]   [10] 속성미충족: ['사이즈', '중량', '측정범위', '정격전압', '출력(W)', '배선사양']
2026-03-09 17:09:21,747 [INFO]   → 품명:가속도센서 | 제조사:MEGGITT | 모델명:144-202-000-215 | 정책:MODEL_CENTERED | 플래그:['FLAG_ATTR_INCOMPLETE']
2026-03-09 17:09:21,748 [INFO] [7/35] 관리번호=28721070 품명=이어폰
2026-03-09 17:09:21,750 [INFO]   [9] 품명매핑: '이어폰' → '이어폰' [high]
2026-03-09 17:09:21,751 [INFO]   [10] 속성미충족: ['사이즈', '주파수', '출력인피던스', '구성', '타입']
2026-03-09 17:09:21,752 [INFO]   → 품명:이어폰 | 제조사:삼성전자 | 모델명:EO-IC100BBEGKR | 정책:MODEL_CENTERED | 플래그:['FLAG_ATTR_INCOMPLETE']
2026-03-09 17:09:21,753 [INFO] [8/35] 관리번호=28721109 품명=근접센서
2026-03-09 17:09:21,754 [INFO]   [9] 품명매핑: '근접센서' → '근접센서' [high]
2026-03-09 17:09:21,755 [INFO]   [10] 속성미충족: ['중량', '출력(W)']
2026-03-09 17:09:21,768 [INFO]   → 품명:근접센서 | 제조사:MEGGITT | 모델명:111-902-000-011-A5-B1-C72-D2-E10000-F2-G9800-H10 | 정책:MODEL_CENTERED | 플래그:['FLAG_ATTR_INCOMPLETE']
2026-03-09 17:09:21,769 [INFO] [9/35] 관리번호=28721118 품명=Flexible Hose
2026-03-09 17:09:21,770 [INFO]   [6] FactFinder 스킵 (policy=SPEC_CENTERED)
2026-03-09 17:09:21,788 [INFO]   [9] 품명매핑: 'Flexible Hose' → '플렉시블' [high]
2026-03-09 17:09:21,789 [INFO]   [10] 속성미충족: ['색상', '입수량']
2026-03-09 17:09:21,789 [INFO]   → 품명:플렉시블 | 제조사:시중품 | 모델명:K1Z-XSC-PU | 정책:SPEC_CENTERED | 플래그:['FLAG_SIJUNGPUM', 'FLAG_ATTR_INCOMPLETE']
2026-03-09 17:09:21,790 [INFO] [10/35] 관리번호=28721143 품명=마스크
2026-03-09 17:09:21,791 [INFO]   [6] FactFinder 스킵 (policy=BRAND_CENTERED)
2026-03-09 17:09:21,792 [INFO]   [9] 품명매핑: '마스크' → '마스크' [high]
2026-03-09 17:09:21,793 [INFO]   [10] 속성미충족: ['사이즈', '재질', '색상', '등급', '사용시간', '입수량', '타입']
2026-03-09 17:09:21,793 [INFO]   → 품명:마스크 | 제조사:시중품 | 모델명: | 정책:BRAND_CENTERED | 플래그:['FLAG_SIJUNGPUM', 'FLAG_MODEL_MISSING', 'FLAG_STORE_AS_MAKER', 'FLAG_URL_ONLY_EVIDENCE', 'FLAG_ATTR_INCOMPLETE']
2026-03-09 17:09:21,794 [INFO] [11/35] 관리번호=28721145 품명=Flexible Hose
2026-03-09 17:09:21,795 [INFO]   [6] FactFinder 스킵 (policy=SPEC_CENTERED)
2026-03-09 17:09:21,811 [INFO]   [9] 품명매핑: 'Flexible Hose' → '플렉시블' [high]
2026-03-09 17:09:21,811 [INFO]   [10] 속성미충족: ['재질', '색상', '입수량', '타입']
2026-03-09 17:09:21,811 [INFO]   → 품명:플렉시블 | 제조사:시중품 | 모델명: | 정책:SPEC_CENTERED | 플래그:['FLAG_SIJUNGPUM', 'FLAG_MODEL_MISSING', 'FLAG_URL_ONLY_EVIDENCE', 'FLAG_ATTR_INCOMPLETE']
2026-03-09 17:09:21,812 [INFO] [12/35] 관리번호=28721153 품명=Signal Conditional
2026-03-09 17:09:21,813 [INFO]   [9] 품명매핑: 'Signal Conditional' → '신호변환기' [high]
2026-03-09 17:09:21,814 [INFO]   [10] 속성미충족: ['사이즈', '포트수', '접속타입', '정격전압', '타입']
2026-03-09 17:09:21,826 [INFO]   → 품명:신호변환기 | 제조사:MEGGITT | 모델명:244-707-000-012-A3-B1-C7554-D3-E5-F5000-G2 | 정책:MODEL_CENTERED | 플래그:['FLAG_ATTR_INCOMPLETE']
2026-03-09 17:09:21,826 [INFO] [13/35] 관리번호=28721198 품명=OTHER INSTRUMENT ACCESSORY
2026-03-09 17:09:21,828 [INFO]   [6] FactFinder 스킵 (policy=GENERIC)
2026-03-09 17:09:21,828 [INFO]   [9] 품명매핑: 'OTHER INSTRUMENT ACCESSORY' → 'OTHER INSTRUMENT ACCESSORY' [high]
2026-03-09 17:09:21,829 [INFO]   [10] 속성미충족: ['재질', '색상', '용도', '타입']
2026-03-09 17:09:21,829 [INFO]   → 품명:OTHER INSTRUMENT ACCESSORY | 제조사:YAMAWA | 모델명:JM00000770 | 정책:GENERIC | 플래그:['FLAG_ATTR_INCOMPLETE']
2026-03-09 17:09:21,830 [INFO] [14/35] 관리번호=28721199 품명=OTHER INSTRUMENT ACCESSORY
2026-03-09 17:09:21,831 [INFO]   [6] FactFinder 스킵 (policy=GENERIC)
2026-03-09 17:09:21,832 [INFO]   [9] 품명매핑: 'OTHER INSTRUMENT ACCESSORY' → 'OTHER INSTRUMENT ACCESSORY' [high]
2026-03-09 17:09:21,832 [INFO]   [10] 속성미충족: ['재질', '색상', '용도', '타입']
2026-03-09 17:09:21,832 [INFO]   → 품명:OTHER INSTRUMENT ACCESSORY | 제조사:YAMAWA | 모델명:JM00000770 | 정책:GENERIC | 플래그:['FLAG_ATTR_INCOMPLETE']
2026-03-09 17:09:21,833 [INFO] [15/35] 관리번호=28721206 품명=MONITORING DEVICE
2026-03-09 17:09:21,835 [INFO]   [9] 품명매핑: 'MONITORING DEVICE' → '모니터' [high]
2026-03-09 17:09:21,835 [INFO]   [10] 속성미충족: ['화면사이즈', '패널타입', '해상도', '색상', '타입']
2026-03-09 17:09:21,836 [INFO]   → 품명:모니터 | 제조사:HP | 모델명:JM00000509 | 정책:MODEL_CENTERED | 플래그:['FLAG_ATTR_INCOMPLETE']
2026-03-09 17:09:21,837 [INFO] [16/35] 관리번호=28721212 품명=감압밸브
2026-03-09 17:09:21,838 [INFO]   [6] FactFinder 스킵 (policy=SPEC_CENTERED)
2026-03-09 17:09:21,839 [INFO]   [9] 품명매핑: '감압밸브' → '감압밸브' [high]
2026-03-09 17:09:21,839 [INFO]   [10] 속성미충족: ['중량', '사용유체', '사용압력', '접속구경', '포트형태', '작동타입']
2026-03-09 17:09:21,841 [INFO]   → 품명:감압밸브 | 제조사:KOSO | 모델명:PRF308 | 정책:SPEC_CENTERED | 플래그:['FLAG_CONFLICT_MODEL', 'FLAG_ATTR_INCOMPLETE']
2026-03-09 17:09:21,842 [INFO] [17/35] 관리번호=28721228 품명=NOTEBOOK_LEGION PRO 7I_LENOVO_
2026-03-09 17:09:21,843 [INFO]   FactFinder 실행: maker_missing
2026-03-09 17:09:21,843 [INFO]   네이버 검색: B3237831
2026-03-09 17:09:23,386 [INFO]   [9] 품명매핑: 'NOTEBOOK_LEGION PRO 7I_LENOVO_16INCH GEN 10' → '노트북' [high]
2026-03-09 17:09:23,386 [INFO]   [10] 속성미충족: ['CPU', '그래픽카드', '패널', '메모리용량', '저장장치', 'ODD', '입출력포트', '네트워크', '구성']
2026-03-09 17:09:23,386 [INFO]   → 품명:노트북 | 제조사:시중품 | 모델명:B3237831 | 정책:MODEL_CENTERED | 플래그:['FLAG_SIJUNGPUM', 'FLAG_ATTR_INCOMPLETE']
2026-03-09 17:09:23,387 [INFO] [18/35] 관리번호=28721242 품명=충전햄머드릴
2026-03-09 17:09:23,388 [INFO]   [9] 품명매핑: '충전햄머드릴' → '충전햄머드릴' [high]
2026-03-09 17:09:23,388 [INFO]   [10] 속성미충족: ['사이즈', 'RPM(분당회전수)', '중량', '토크(회전력)', '적용악세서리사이즈', '정격전력']
2026-03-09 17:09:23,701 [INFO]   [11] 제조사 비표준: '밀워키' → 후보: ['유키']
2026-03-09 17:09:23,701 [INFO]   → 품명:충전햄머드릴 | 제조사:밀워키 | 모델명:FPD2-0X | 정책:MODEL_CENTERED | 플래그:['FLAG_ATTR_INCOMPLETE', 'FLAG_MAKER_NONSTANDARD']
2026-03-09 17:09:23,702 [INFO] [19/35] 관리번호=28721247 품명=기타 일반잡화
2026-03-09 17:09:23,703 [INFO]   [6] FactFinder 스킵 (policy=GENERIC)
2026-03-09 17:09:23,846 [INFO]   [9] 품명매핑: '기타 일반잡화' → '기타 일반잡화' [low]
2026-03-09 17:09:23,846 [INFO]   → 품명:기타 일반잡화 | 제조사:시중품 | 모델명:JM00003393 | 정책:GENERIC | 플래그:['FLAG_SIJUNGPUM', 'FLAG_LOW_CONFIDENCE']
2026-03-09 17:09:23,847 [INFO] [20/35] 관리번호=28721248 품명=토탈스테이션용 Ball Target
2026-03-09 17:09:23,847 [INFO]   처리불가: 제작품/주문제작
2026-03-09 17:09:23,847 [INFO]   → 처리불가: 제작품/주문제작
2026-03-09 17:09:23,848 [INFO] [21/35] 관리번호=28721313 품명=더함 벽걸이 브라켓 LG 삼성 TV 호환 상하좌우 각도
2026-03-09 17:09:23,850 [INFO]   FactFinder 실행: model_missing (MODEL_CENTERED)
2026-03-09 17:09:23,850 [INFO]   네이버 검색: 더함 벽걸이 브라켓 LG 삼성 TV 호환 상하좌우 각도조절 라이트 티비거치대
2026-03-09 17:09:25,011 [INFO]   NaverFact 성공: ['더함', '라이트컴']
2026-03-09 17:09:25,110 [INFO]   [9] 품명매핑: '더함 벽걸이 브라켓 LG 삼성 TV 호환 상하좌우 각도조절 라이트 티비거치대' → '더함 벽걸이 브라켓 LG 삼성 TV 호환 상하좌우 각도조절 라이트 티비거치대' [low]
2026-03-09 17:09:25,112 [INFO]   → 품명:더함 벽걸이 브라켓 LG 삼성 TV 호환 상하좌우 각도조절 라이트 티비거치대 | 제조사:더함 | 모델명: | 정책:MODEL_CENTERED | 플래그:['FLAG_MODEL_MISSING', 'FLAG_LOW_CONFIDENCE']
2026-03-09 17:09:25,113 [INFO] [22/35] 관리번호=28721333 품명=300MM LEC 계면활성제 범우 W-467
2026-03-09 17:09:25,113 [INFO]   [6] FactFinder 스킵 (policy=CHEM_CENTERED)
2026-03-09 17:09:25,125 [INFO]   [9] 품명매핑: '300MM LEC 계면활성제 범우 W-467' → '계면활성제' [medium]
2026-03-09 17:09:25,126 [INFO]   [10] 속성미충족: ['중량', '순도', '등급', 'Cas.No', '입수량', '유해화학물질여부']
2026-03-09 17:09:25,126 [INFO]   → 품명:계면활성제 | 제조사:시중품 | 모델명:6300000761 | 정책:CHEM_CENTERED | 플래그:['FLAG_SIJUNGPUM', 'FLAG_ATTR_INCOMPLETE']
2026-03-09 17:09:25,126 [INFO] [23/35] 관리번호=28721397 품명=모니터 전원 케이블
2026-03-09 17:09:25,231 [INFO]   [9] 품명매핑: '모니터 전원 케이블' → '모니터 전원 케이블' [low]
2026-03-09 17:09:25,484 [INFO]   [11] 제조사 비표준: 'LG' → 후보: ['LGM', '(주)LG화학', 'SLGC']
2026-03-09 17:09:25,485 [INFO]   → 품명:모니터 전원 케이블 | 제조사:LG | 모델명:LG LCAP26-E ADS-40FSH-19 19025G | 정책:MODEL_CENTERED | 플래그:['FLAG_MAKER_NONSTANDARD']
2026-03-09 17:09:25,485 [INFO] [24/35] 관리번호=28721533 품명=TMA 시편 REMOVE JIG
2026-03-09 17:09:25,486 [INFO]   처리불가: 비표준확정 요청
2026-03-09 17:09:25,486 [INFO]   → 처리불가: 비표준확정 요청
2026-03-09 17:09:25,487 [INFO] [25/35] 관리번호=28721554 품명=시설자재
2026-03-09 17:09:25,488 [INFO]   [6] FactFinder 스킵 (policy=GENERIC)
2026-03-09 17:09:25,621 [INFO]   [9] 품명매핑: '시설자재' → '시설자재' [low]
2026-03-09 17:09:25,622 [INFO]   → 품명:시설자재 | 제조사:시중품 | 모델명: | 정책:GENERIC | 플래그:['FLAG_SIJUNGPUM', 'FLAG_MODEL_MISSING', 'FLAG_LOW_CONFIDENCE', 'FLAG_CATEGORY_UNKNOWN']
2026-03-09 17:09:25,623 [INFO] [26/35] 관리번호=28721632 품명=에어실린더
2026-03-09 17:09:25,624 [INFO]   [9] 품명매핑: '에어실린더' → '에어실린더' [high]
2026-03-09 17:09:25,625 [INFO]   [10] 속성미충족: ['튜브내경', '스트로크', '재질', '사용압력', '스위치수', '작동타입', '토크(회전력)', '실린더타입']
2026-03-09 17:09:25,633 [INFO]   → 품명:에어실린더 | 제조사:SMC | 모델명:MHL2-20D | 정책:MODEL_CENTERED | 플래그:['FLAG_ATTR_INCOMPLETE']
2026-03-09 17:09:25,633 [INFO] [27/35] 관리번호=28721693 품명=Cooling Fan
2026-03-09 17:09:25,636 [INFO]   [9] 품명매핑: 'Cooling Fan' → '쿨링팬' [high]
2026-03-09 17:09:25,636 [INFO]   [10] 속성미충족: ['사이즈', '날개사이즈', '중량', 'RPM(분당회전수)', '풍량', '정격전력', '타입']
2026-03-09 17:09:25,943 [INFO]   [11] 제조사 비표준: 'ebmpapst' → 후보: []
2026-03-09 17:09:25,943 [INFO]   → 품명:쿨링팬 | 제조사:ebmpapst | 모델명:P00BMBKW | 정책:MODEL_CENTERED | 플래그:['FLAG_ATTR_INCOMPLETE', 'FLAG_MAKER_NONSTANDARD']
2026-03-09 17:09:25,944 [INFO] [28/35] 관리번호=28721695 품명=상품권/티켓
2026-03-09 17:09:25,945 [INFO]   [6] FactFinder 스킵 (policy=BRAND_CENTERED)
2026-03-09 17:09:26,139 [INFO]   [9] 품명매핑: '상품권/티켓' → '상품권/티켓' [low]
2026-03-09 17:09:26,139 [INFO]   → 품명:상품권/티켓 | 제조사:시중품 | 모델명:JM00002572 | 정책:BRAND_CENTERED | 플래그:['FLAG_SIJUNGPUM', 'FLAG_LOW_CONFIDENCE']
2026-03-09 17:09:26,140 [INFO] [29/35] 관리번호=28721820 품명=방수라벨
2026-03-09 17:09:26,141 [INFO]   FactFinder 실행: model_missing (MODEL_CENTERED)
2026-03-09 17:09:26,141 [INFO]   네이버 검색: 방수라벨 PP
2026-03-09 17:09:27,448 [INFO]   NaverFact 성공: ['한국폼텍']
2026-03-09 17:09:27,449 [INFO]   [9] 품명매핑: '방수라벨' → '방수라벨' [high]
2026-03-09 17:09:27,449 [INFO]   [10] 속성미충족: ['사이즈', '평량', '색상']
2026-03-09 17:09:27,450 [INFO]   → 품명:방수라벨 | 제조사:코스틱폼텍 | 모델명:PP-3130 | 정책:MODEL_CENTERED | 플래그:['FLAG_ATTR_INCOMPLETE']
2026-03-09 17:09:27,450 [INFO] [30/35] 관리번호=28721822 품명=포세식 도기
2026-03-09 17:09:27,451 [INFO]   [6] FactFinder 스킵 (policy=GENERIC)
2026-03-09 17:09:27,573 [INFO]   [9] 품명매핑: '포세식 도기' → '포세식 도기' [low]
2026-03-09 17:09:27,581 [INFO]   → 품명:포세식 도기 | 제조사:동성전기 | 모델명: | 정책:GENERIC | 플래그:['FLAG_MODEL_MISSING', 'FLAG_LOW_CONFIDENCE', 'FLAG_CATEGORY_UNKNOWN']
2026-03-09 17:09:27,582 [INFO] [31/35] 관리번호=28721827 품명=포세식 기포관
2026-03-09 17:09:27,582 [INFO]   처리불가: 비표준확정 요청
2026-03-09 17:09:27,583 [INFO]   → 처리불가: 비표준확정 요청
2026-03-09 17:09:27,583 [INFO] [32/35] 관리번호=28721923 품명=SHOULDER PLUG GASKET(AR-E5103A
2026-03-09 17:09:27,584 [INFO]   처리불가: 비표준확정 요청
2026-03-09 17:09:27,584 [INFO]   → 처리불가: 비표준확정 요청
2026-03-09 17:09:27,584 [INFO] [33/35] 관리번호=28721951 품명=폐기물봉투
2026-03-09 17:09:27,584 [INFO]   처리불가: 비표준확정 요청
2026-03-09 17:09:27,585 [INFO]   → 처리불가: 비표준확정 요청
2026-03-09 17:09:27,585 [INFO] [34/35] 관리번호=28721973 품명=TETRA FITTING(5101-BIC1)
2026-03-09 17:09:27,585 [INFO]   처리불가: 비표준확정 요청
2026-03-09 17:09:27,586 [INFO]   → 처리불가: 비표준확정 요청
2026-03-09 17:09:27,586 [INFO] [35/35] 관리번호=28722041 품명=AN 012
2026-03-09 17:09:27,587 [INFO]   [6] FactFinder 스킵 (policy=SPEC_CENTERED)
2026-03-09 17:09:27,720 [INFO]   [9] 품명매핑: 'AN 012' → 'AN 012' [low]
2026-03-09 17:09:28,001 [INFO]   [11] 제조사 비표준: '미스미' → 후보: []
2026-03-09 17:09:28,002 [INFO]   → 품명:AN 012 | 제조사:미스미 | 모델명: | 정책:SPEC_CENTERED | 플래그:['FLAG_MODEL_MISSING', 'FLAG_URL_ONLY_EVIDENCE', 'FLAG_MAKER_NONSTANDARD']
2026-03-09 17:09:28,598 [INFO] 
결과 저장 완료: output\표준화결과_20260309_170928.xlsx
2026-03-09 17:09:28,598 [INFO] ============================================================
2026-03-09 17:09:28,598 [INFO] 처리 완료: 총 35건
2026-03-09 17:09:28,599 [INFO]   - 표준화 성공: 29건
2026-03-09 17:09:28,599 [INFO]   - 처리불가:   6건
2026-03-09 17:09:28,599 [INFO]   - 수동검토 필요: 12건
2026-03-09 17:09:28,599 [INFO] ============================================================
