2026-03-09 15:37:28,319 [INFO] ============================================================
2026-03-09 15:37:28,320 [INFO] MDM 표준화 엔진 v1.1 시작
2026-03-09 15:37:28,321 [INFO] 입력 파일: data/sample_input2.csv
2026-03-09 15:37:28,332 [INFO] 총 35행 로드
2026-03-09 15:37:28,364 [INFO] [1] RawInputNormalizer 완료
2026-03-09 15:37:29,035 [INFO] [DB] StandardDBLoader 초기화 완료
2026-03-09 15:37:29,037 [INFO] [1/35] 관리번호=28720870 품명=멜킨 반원형 폼롤러 EVA
2026-03-09 15:37:29,059 [INFO]   [6] FactFinder 스킵 (policy=BRAND_CENTERED)
2026-03-09 15:37:29,077 [INFO]   [9] 품명매핑: '멜킨 반원형 폼롤러 EVA' → '폼롤러' [medium]
2026-03-09 15:37:29,078 [INFO]   [10] 속성미충족: ['사이즈', '재질', '용량', '중량', '입수량']
2026-03-09 15:37:29,080 [INFO]   → 품명:폼롤러 | 제조사:MELKIN SPORTS | 모델명:EVA 폼롤러 반원형 | 정책:BRAND_CENTERED | 플래그:['FLAG_ATTR_INCOMPLETE']
2026-03-09 15:37:29,081 [INFO] [2/35] 관리번호=28720872 품명=AB 슬라이드 리바운드
2026-03-09 15:37:29,083 [INFO]   [6] FactFinder 스킵 (policy=GENERIC)
2026-03-09 15:37:29,959 [INFO]   [9] 품명매핑: 'AB 슬라이드 리바운드' → 'GRINDING PAPERS P.S.A(P2400)' [low]
2026-03-09 15:37:29,960 [INFO]   [10] 속성미충족: ['입도', '타입']
2026-03-09 15:37:29,968 [INFO]   → 품명:GRINDING PAPERS P.S.A(P2400) | 제조사:제로투히어로 | 모델명:AB Slide Rebound | 정책:GENERIC | 플래그:['FLAG_LOW_CONFIDENCE', 'FLAG_CATEGORY_UNKNOWN', 'FLAG_ATTR_INCOMPLETE']
2026-03-09 15:37:29,970 [INFO] [3/35] 관리번호=28720892 품명=ES-1100 스트라이크 PS락
2026-03-09 15:37:29,971 [INFO]   [6] FactFinder 스킵 (policy=GENERIC)
2026-03-09 15:37:30,629 [INFO]   [9] 품명매핑: 'ES-1100 스트라이크 PS락' → '30도사다리꼴나사용너트' [low]
2026-03-09 15:37:30,630 [INFO]   [10] 속성미충족: ['사이즈', '재질', '타입', '입수량']
2026-03-09 15:37:30,630 [INFO]   → 품명:30도사다리꼴나사용너트 | 제조사:시중품 | 모델명: | 정책:GENERIC | 플래그:['FLAG_SIJUNGPUM', 'FLAG_MODEL_MISSING', 'FLAG_STORE_AS_MAKER', 'FLAG_URL_ONLY_EVIDENCE', 'FLAG_CATEGORY_UNKNOWN', 'FLAG_ATTR_INCOMPLETE']
2026-03-09 15:37:30,632 [INFO] [4/35] 관리번호=28721041 품명=와샤
2026-03-09 15:37:30,633 [INFO]   [6] FactFinder 스킵 (policy=GENERIC)
2026-03-09 15:37:31,168 [INFO]   [9] 품명매핑: '와샤' → '대와샤' [low]
2026-03-09 15:37:31,169 [INFO]   [10] 속성미충족: ['사이즈', '타입', '입수량']
2026-03-09 15:37:31,170 [INFO]   → 품명:대와샤 | 제조사:시중품 | 모델명: | 정책:GENERIC | 플래그:['FLAG_SIJUNGPUM', 'FLAG_MODEL_MISSING', 'FLAG_LOW_CONFIDENCE', 'FLAG_CATEGORY_UNKNOWN', 'FLAG_ATTR_INCOMPLETE']
2026-03-09 15:37:31,171 [INFO] [5/35] 관리번호=28721055 품명=Accelerometer
2026-03-09 15:37:31,173 [INFO]   [9] 품명매핑: 'Accelerometer' → '가속도센서' [high]
2026-03-09 15:37:31,174 [INFO]   [10] 속성미충족: ['사이즈', '중량', '측정범위', '정격전압', '출력(W)', '배선사양']
2026-03-09 15:37:31,183 [INFO]   → 품명:가속도센서 | 제조사:MEGGITT | 모델명:144-202-000-105 | 정책:MODEL_CENTERED | 플래그:['FLAG_ATTR_INCOMPLETE']
2026-03-09 15:37:31,184 [INFO] [6/35] 관리번호=28721059 품명=Accelerometer
2026-03-09 15:37:31,186 [INFO]   [9] 품명매핑: 'Accelerometer' → '가속도센서' [high]
2026-03-09 15:37:31,186 [INFO]   [10] 속성미충족: ['사이즈', '중량', '측정범위', '정격전압', '출력(W)', '배선사양']
2026-03-09 15:37:31,195 [INFO]   → 품명:가속도센서 | 제조사:MEGGITT | 모델명:144-202-000-215 | 정책:MODEL_CENTERED | 플래그:['FLAG_ATTR_INCOMPLETE']
2026-03-09 15:37:31,196 [INFO] [7/35] 관리번호=28721070 품명=이어폰
2026-03-09 15:37:31,198 [INFO]   [9] 품명매핑: '이어폰' → '이어폰' [high]
2026-03-09 15:37:31,199 [INFO]   [10] 속성미충족: ['사이즈', '주파수', '출력인피던스', '구성', '타입']
2026-03-09 15:37:31,200 [INFO]   → 품명:이어폰 | 제조사:삼성전자 | 모델명:EO-IC100BBEGKR | 정책:MODEL_CENTERED | 플래그:['FLAG_ATTR_INCOMPLETE']
2026-03-09 15:37:31,201 [INFO] [8/35] 관리번호=28721109 품명=근접센서
2026-03-09 15:37:31,203 [INFO]   [9] 품명매핑: '근접센서' → '근접센서' [high]
2026-03-09 15:37:31,203 [INFO]   [10] 속성미충족: ['중량', '출력(W)']
2026-03-09 15:37:31,211 [INFO]   → 품명:근접센서 | 제조사:MEGGITT | 모델명:111-902-000-011-A5-B1-C72-D2-E10000-F2-G9800-H10 | 정책:MODEL_CENTERED | 플래그:['FLAG_ATTR_INCOMPLETE']
2026-03-09 15:37:31,212 [INFO] [9/35] 관리번호=28721118 품명=Flexible Hose
2026-03-09 15:37:31,213 [INFO]   [6] FactFinder 스킵 (policy=SPEC_CENTERED)
2026-03-09 15:37:31,223 [INFO]   [9] 품명매핑: 'Flexible Hose' → '플렉시블' [high]
2026-03-09 15:37:31,223 [INFO]   [10] 속성미충족: ['색상', '입수량']
2026-03-09 15:37:31,224 [INFO]   → 품명:플렉시블 | 제조사:시중품 | 모델명: | 정책:SPEC_CENTERED | 플래그:['FLAG_SIJUNGPUM', 'FLAG_MODEL_MISSING', 'FLAG_URL_ONLY_EVIDENCE', 'FLAG_ATTR_INCOMPLETE']
2026-03-09 15:37:31,225 [INFO] [10/35] 관리번호=28721143 품명=마스크
2026-03-09 15:37:31,225 [INFO]   [6] FactFinder 스킵 (policy=BRAND_CENTERED)
2026-03-09 15:37:31,227 [INFO]   [9] 품명매핑: '마스크' → '마스크' [high]
2026-03-09 15:37:31,227 [INFO]   [10] 속성미충족: ['사이즈', '재질', '색상', '등급', '사용시간', '입수량', '타입']
2026-03-09 15:37:31,227 [INFO]   → 품명:마스크 | 제조사:시중품 | 모델명: | 정책:BRAND_CENTERED | 플래그:['FLAG_SIJUNGPUM', 'FLAG_MODEL_MISSING', 'FLAG_STORE_AS_MAKER', 'FLAG_URL_ONLY_EVIDENCE', 'FLAG_ATTR_INCOMPLETE']
2026-03-09 15:37:31,228 [INFO] [11/35] 관리번호=28721145 품명=Flexible Hose
2026-03-09 15:37:31,229 [INFO]   [6] FactFinder 스킵 (policy=SPEC_CENTERED)
2026-03-09 15:37:31,238 [INFO]   [9] 품명매핑: 'Flexible Hose' → '플렉시블' [high]
2026-03-09 15:37:31,238 [INFO]   [10] 속성미충족: ['재질', '색상', '입수량', '타입']
2026-03-09 15:37:31,239 [INFO]   → 품명:플렉시블 | 제조사:시중품 | 모델명: | 정책:SPEC_CENTERED | 플래그:['FLAG_SIJUNGPUM', 'FLAG_MODEL_MISSING', 'FLAG_URL_ONLY_EVIDENCE', 'FLAG_ATTR_INCOMPLETE']
2026-03-09 15:37:31,240 [INFO] [12/35] 관리번호=28721153 품명=Signal Conditional
2026-03-09 15:37:31,242 [INFO]   [9] 품명매핑: 'Signal Conditional' → '신호변환기' [high]
2026-03-09 15:37:31,242 [INFO]   [10] 속성미충족: ['사이즈', '포트수', '접속타입', '정격전압', '타입']
2026-03-09 15:37:31,250 [INFO]   → 품명:신호변환기 | 제조사:MEGGITT | 모델명:244-707-000-012-A3-B1-C7554-D3-E5-F5000-G2 | 정책:MODEL_CENTERED | 플래그:['FLAG_ATTR_INCOMPLETE']
2026-03-09 15:37:31,251 [INFO] [13/35] 관리번호=28721198 품명=OTHER INSTRUMENT ACCESSORY
2026-03-09 15:37:31,252 [INFO]   [6] FactFinder 스킵 (policy=GENERIC)
2026-03-09 15:37:31,254 [INFO]   [9] 품명매핑: 'OTHER INSTRUMENT ACCESSORY' → 'OTHER INSTRUMENT ACCESSORY' [high]
2026-03-09 15:37:31,254 [INFO]   [10] 속성미충족: ['재질', '색상', '용도', '타입']
2026-03-09 15:37:31,255 [INFO]   → 품명:OTHER INSTRUMENT ACCESSORY | 제조사:YAMAWA | 모델명:JM00000770 | 정책:GENERIC | 플래그:['FLAG_ATTR_INCOMPLETE']
2026-03-09 15:37:31,256 [INFO] [14/35] 관리번호=28721199 품명=OTHER INSTRUMENT ACCESSORY
2026-03-09 15:37:31,257 [INFO]   [6] FactFinder 스킵 (policy=GENERIC)
2026-03-09 15:37:31,257 [INFO]   [9] 품명매핑: 'OTHER INSTRUMENT ACCESSORY' → 'OTHER INSTRUMENT ACCESSORY' [high]
2026-03-09 15:37:31,258 [INFO]   [10] 속성미충족: ['재질', '색상', '용도', '타입']
2026-03-09 15:37:31,259 [INFO]   → 품명:OTHER INSTRUMENT ACCESSORY | 제조사:YAMAWA | 모델명:JM00000770 | 정책:GENERIC | 플래그:['FLAG_ATTR_INCOMPLETE']
2026-03-09 15:37:31,259 [INFO] [15/35] 관리번호=28721206 품명=MONITORING DEVICE
2026-03-09 15:37:31,262 [INFO]   [9] 품명매핑: 'MONITORING DEVICE' → '모니터' [high]
2026-03-09 15:37:31,263 [INFO]   [10] 속성미충족: ['화면사이즈', '패널타입', '해상도', '색상', '타입']
2026-03-09 15:37:31,264 [INFO]   → 품명:모니터 | 제조사:HP | 모델명:JM00000509 | 정책:MODEL_CENTERED | 플래그:['FLAG_ATTR_INCOMPLETE']
2026-03-09 15:37:31,265 [INFO] [16/35] 관리번호=28721212 품명=감압밸브
2026-03-09 15:37:31,265 [INFO]   [6] FactFinder 스킵 (policy=SPEC_CENTERED)
2026-03-09 15:37:31,267 [INFO]   [9] 품명매핑: '감압밸브' → '감압밸브' [high]
2026-03-09 15:37:31,268 [INFO]   [10] 속성미충족: ['중량', '사용유체', '사용압력', '접속구경', '포트형태', '작동타입']
2026-03-09 15:37:31,269 [INFO]   → 품명:감압밸브 | 제조사:KOSO | 모델명:PRF308 | 정책:SPEC_CENTERED | 플래그:['FLAG_CONFLICT_MODEL', 'FLAG_ATTR_INCOMPLETE']
2026-03-09 15:37:31,270 [INFO] [17/35] 관리번호=28721228 품명=NOTEBOOK_LEGION PRO 7I_LENOVO_
2026-03-09 15:37:31,271 [INFO]   FactFinder 실행: maker_missing
2026-03-09 15:37:31,271 [INFO]   네이버 검색: B3237831
2026-03-09 15:37:32,646 [INFO]   [9] 품명매핑: 'NOTEBOOK_LEGION PRO 7I_LENOVO_16INCH GEN 10' → '노트북' [high]
2026-03-09 15:37:32,647 [INFO]   [10] 속성미충족: ['CPU', '그래픽카드', '패널', '메모리용량', '저장장치', 'ODD', '입출력포트', '네트워크', '구성']
2026-03-09 15:37:32,647 [INFO]   → 품명:노트북 | 제조사:시중품 | 모델명:B3237831 | 정책:MODEL_CENTERED | 플래그:['FLAG_SIJUNGPUM', 'FLAG_ATTR_INCOMPLETE']
2026-03-09 15:37:32,648 [INFO] [18/35] 관리번호=28721242 품명=충전햄머드릴
2026-03-09 15:37:32,649 [INFO]   FactFinder 실행: maker_missing
2026-03-09 15:37:32,650 [INFO]   네이버 검색: 충전햄머드릴
2026-03-09 15:37:33,800 [INFO]   NaverFact 성공: ['디월트', '자야', '인창자야', '스탠맨', '마끼다']
2026-03-09 15:37:33,801 [INFO]   [9] 품명매핑: '충전햄머드릴' → '충전햄머드릴' [high]
2026-03-09 15:37:33,801 [INFO]   [10] 속성미충족: ['사이즈', 'RPM(분당회전수)', '중량', '토크(회전력)', '적용악세서리사이즈', '정격전력']
2026-03-09 15:37:33,988 [INFO]   [11] 제조사 비표준: '디월트' → 후보: []
2026-03-09 15:37:33,989 [INFO]   → 품명:충전햄머드릴 | 제조사:디월트 | 모델명:DCH273 | 정책:MODEL_CENTERED | 플래그:['FLAG_URL_ONLY_EVIDENCE', 'FLAG_ATTR_INCOMPLETE', 'FLAG_MAKER_NONSTANDARD']
2026-03-09 15:37:33,990 [INFO] [19/35] 관리번호=28721247 품명=기타 일반잡화
2026-03-09 15:37:33,990 [INFO]   [6] FactFinder 스킵 (policy=GENERIC)
2026-03-09 15:37:34,418 [INFO]   [9] 품명매핑: '기타 일반잡화' → '기타 일반잡화' [low]
2026-03-09 15:37:34,418 [INFO]   → 품명:기타 일반잡화 | 제조사:시중품 | 모델명:JM00003393 | 정책:GENERIC | 플래그:['FLAG_SIJUNGPUM', 'FLAG_LOW_CONFIDENCE']
2026-03-09 15:37:34,419 [INFO] [20/35] 관리번호=28721248 품명=토탈스테이션용 Ball Target
2026-03-09 15:37:34,420 [INFO]   처리불가: 제작품/주문제작
2026-03-09 15:37:34,420 [INFO]   → 처리불가: 제작품/주문제작
2026-03-09 15:37:34,420 [INFO] [21/35] 관리번호=28721313 품명=더함 벽걸이 브라켓 LG 삼성 TV 호환 상하좌우 각도
2026-03-09 15:37:34,421 [INFO]   FactFinder 실행: model_missing (MODEL_CENTERED)
2026-03-09 15:37:34,422 [INFO]   네이버 검색: 더함 벽걸이 브라켓 LG 삼성 TV 호환 상하좌우 각도조절 라이트 티비거치대
2026-03-09 15:37:35,303 [INFO]   NaverFact 성공: ['더함', '라이트컴']
2026-03-09 15:37:35,894 [INFO]   [9] 품명매핑: '더함 벽걸이 브라켓 LG 삼성 TV 호환 상하좌우 각도조절 라이트 티비거치대' → '안전모라이트거치대' [low]
2026-03-09 15:37:35,894 [INFO]   [10] 속성미충족: ['사이즈', '재질', '색상', '용도', '타입', '입수량']
2026-03-09 15:37:35,896 [INFO]   → 품명:안전모라이트거치대 | 제조사:더함 | 모델명: | 정책:MODEL_CENTERED | 플래그:['FLAG_MODEL_MISSING', 'FLAG_LOW_CONFIDENCE', 'FLAG_ATTR_INCOMPLETE']
2026-03-09 15:37:35,897 [INFO] [22/35] 관리번호=28721333 품명=300MM LEC 계면활성제 범우 W-467
2026-03-09 15:37:35,897 [INFO]   [6] FactFinder 스킵 (policy=CHEM_CENTERED)
2026-03-09 15:37:35,907 [INFO]   [9] 품명매핑: '300MM LEC 계면활성제 범우 W-467' → '계면활성제' [medium]
2026-03-09 15:37:35,908 [INFO]   [10] 속성미충족: ['중량', '순도', '등급', 'Cas.No', '입수량', '유해화학물질여부']
2026-03-09 15:37:35,908 [INFO]   → 품명:계면활성제 | 제조사:시중품 | 모델명:6300000761 | 정책:CHEM_CENTERED | 플래그:['FLAG_SIJUNGPUM', 'FLAG_ATTR_INCOMPLETE']
2026-03-09 15:37:35,909 [INFO] [23/35] 관리번호=28721397 품명=모니터 전원 케이블
2026-03-09 15:37:35,910 [INFO]   FactFinder 실행: maker_missing
2026-03-09 15:37:35,910 [INFO]   네이버 검색: LG LCAP26-E ADS-40FSH-19 19025G
2026-03-09 15:37:36,981 [INFO]   [9] 품명매핑: '모니터 전원 케이블' → '모니터' [medium]
2026-03-09 15:37:36,982 [INFO]   [10] 속성미충족: ['사이즈', '화면사이즈', '패널타입', '해상도', '색상', '타입']
2026-03-09 15:37:36,983 [INFO]   → 품명:모니터 | 제조사:시중품 | 모델명:LG LCAP26-E ADS-40FSH-19 19025G | 정책:MODEL_CENTERED | 플래그:['FLAG_SIJUNGPUM', 'FLAG_ATTR_INCOMPLETE']
2026-03-09 15:37:36,983 [INFO] [24/35] 관리번호=28721533 품명=TMA 시편 REMOVE JIG
2026-03-09 15:37:36,984 [INFO]   처리불가: 비표준확정 요청
2026-03-09 15:37:36,984 [INFO]   → 처리불가: 비표준확정 요청
2026-03-09 15:37:36,985 [INFO] [25/35] 관리번호=28721554 품명=시설자재
2026-03-09 15:37:36,986 [INFO]   [6] FactFinder 스킵 (policy=GENERIC)
2026-03-09 15:37:37,550 [INFO]   [9] 품명매핑: '시설자재' → '시설자재' [low]
2026-03-09 15:37:37,551 [INFO]   → 품명:시설자재 | 제조사:시중품 | 모델명: | 정책:GENERIC | 플래그:['FLAG_SIJUNGPUM', 'FLAG_MODEL_MISSING', 'FLAG_LOW_CONFIDENCE', 'FLAG_CATEGORY_UNKNOWN']
2026-03-09 15:37:37,552 [INFO] [26/35] 관리번호=28721632 품명=에어실린더
2026-03-09 15:37:37,559 [INFO]   [9] 품명매핑: '에어실린더' → '에어실린더' [high]
2026-03-09 15:37:37,560 [INFO]   [10] 속성미충족: ['튜브내경', '스트로크', '재질', '사용압력', '스위치수', '작동타입', '토크(회전력)', '실린더타입']
2026-03-09 15:37:37,569 [INFO]   → 품명:에어실린더 | 제조사:SMC | 모델명:MHL2-20D | 정책:MODEL_CENTERED | 플래그:['FLAG_ATTR_INCOMPLETE']
2026-03-09 15:37:37,569 [INFO] [27/35] 관리번호=28721693 품명=Cooling Fan
2026-03-09 15:37:37,571 [INFO]   [9] 품명매핑: 'Cooling Fan' → '쿨링팬' [high]
2026-03-09 15:37:37,572 [INFO]   [10] 속성미충족: ['사이즈', '날개사이즈', '중량', 'RPM(분당회전수)', '풍량', '정격전력', '타입']
2026-03-09 15:37:37,787 [INFO]   [11] 제조사 비표준: 'ebmpapst' → 후보: []
2026-03-09 15:37:37,788 [INFO]   → 품명:쿨링팬 | 제조사:ebmpapst | 모델명:P00BMBKW | 정책:MODEL_CENTERED | 플래그:['FLAG_ATTR_INCOMPLETE', 'FLAG_MAKER_NONSTANDARD']
2026-03-09 15:37:37,790 [INFO] [28/35] 관리번호=28721695 품명=상품권/티켓
2026-03-09 15:37:37,791 [INFO]   [6] FactFinder 스킵 (policy=BRAND_CENTERED)
2026-03-09 15:37:38,409 [INFO]   [9] 품명매핑: '상품권/티켓' → 'ZICO' [low]
2026-03-09 15:37:38,409 [INFO]   [10] 속성미충족: ['사이즈', '중량', '용량', '입수량', '유통기한', '구성']
2026-03-09 15:37:38,410 [INFO]   → 품명:ZICO | 제조사:시중품 | 모델명:JM00002572 | 정책:BRAND_CENTERED | 플래그:['FLAG_SIJUNGPUM', 'FLAG_LOW_CONFIDENCE', 'FLAG_ATTR_INCOMPLETE']
2026-03-09 15:37:38,411 [INFO] [29/35] 관리번호=28721820 품명=방수라벨
2026-03-09 15:37:38,411 [INFO]   FactFinder 실행: model_missing (MODEL_CENTERED)
2026-03-09 15:37:38,412 [INFO]   네이버 검색: 방수라벨 PP
2026-03-09 15:37:39,690 [INFO]   NaverFact 성공: ['한국폼텍']
2026-03-09 15:37:39,691 [INFO]   [9] 품명매핑: '방수라벨' → '방수라벨' [high]
2026-03-09 15:37:39,692 [INFO]   [10] 속성미충족: ['사이즈', '평량', '색상']
2026-03-09 15:37:39,692 [INFO]   → 품명:방수라벨 | 제조사:코스틱폼텍 | 모델명:PP-3130 | 정책:MODEL_CENTERED | 플래그:['FLAG_ATTR_INCOMPLETE']
2026-03-09 15:37:39,692 [INFO] [30/35] 관리번호=28721822 품명=포세식 도기
2026-03-09 15:37:39,693 [INFO]   [6] FactFinder 스킵 (policy=GENERIC)
2026-03-09 15:37:40,164 [INFO]   [9] 품명매핑: '포세식 도기' → '포세식화장실' [low]
2026-03-09 15:37:40,165 [INFO]   [10] 속성미충족: ['사이즈', '재질', '용량', '타입']
2026-03-09 15:37:40,171 [INFO]   → 품명:포세식화장실 | 제조사:동성전기 | 모델명: | 정책:GENERIC | 플래그:['FLAG_MODEL_MISSING', 'FLAG_LOW_CONFIDENCE', 'FLAG_CATEGORY_UNKNOWN', 'FLAG_ATTR_INCOMPLETE']
2026-03-09 15:37:40,172 [INFO] [31/35] 관리번호=28721827 품명=포세식 기포관
2026-03-09 15:37:40,173 [INFO]   처리불가: 비표준확정 요청
2026-03-09 15:37:40,173 [INFO]   → 처리불가: 비표준확정 요청
2026-03-09 15:37:40,174 [INFO] [32/35] 관리번호=28721923 품명=SHOULDER PLUG GASKET(AR-E5103A
2026-03-09 15:37:40,175 [INFO]   처리불가: 비표준확정 요청
2026-03-09 15:37:40,175 [INFO]   → 처리불가: 비표준확정 요청
2026-03-09 15:37:40,175 [INFO] [33/35] 관리번호=28721951 품명=폐기물봉투
2026-03-09 15:37:40,176 [INFO]   처리불가: 비표준확정 요청
2026-03-09 15:37:40,177 [INFO]   → 처리불가: 비표준확정 요청
2026-03-09 15:37:40,178 [INFO] [34/35] 관리번호=28721973 품명=TETRA FITTING(5101-BIC1)
2026-03-09 15:37:40,179 [INFO]   처리불가: 비표준확정 요청
2026-03-09 15:37:40,180 [INFO]   → 처리불가: 비표준확정 요청
2026-03-09 15:37:40,180 [INFO] [35/35] 관리번호=28722041 품명=AN 012
2026-03-09 15:37:40,181 [INFO]   [6] FactFinder 스킵 (policy=SPEC_CENTERED)
2026-03-09 15:37:40,931 [INFO]   [9] 품명매핑: 'AN 012' → '불소고무시트' [low]
2026-03-09 15:37:40,931 [INFO]   [10] 속성미충족: ['사이즈', '색상', '중량']
2026-03-09 15:37:41,153 [INFO]   [11] 제조사 비표준: '미스미' → 후보: []
2026-03-09 15:37:41,153 [INFO]   → 품명:불소고무시트 | 제조사:미스미 | 모델명: | 정책:SPEC_CENTERED | 플래그:['FLAG_MODEL_MISSING', 'FLAG_URL_ONLY_EVIDENCE', 'FLAG_ATTR_INCOMPLETE', 'FLAG_MAKER_NONSTANDARD']
2026-03-09 15:37:41,652 [INFO] 
결과 저장 완료: output\표준화결과_20260309_153741.xlsx
2026-03-09 15:37:41,653 [INFO] ============================================================
2026-03-09 15:37:41,653 [INFO] 처리 완료: 총 35건
2026-03-09 15:37:41,654 [INFO]   - 표준화 성공: 29건
2026-03-09 15:37:41,654 [INFO]   - 처리불가:   6건
2026-03-09 15:37:41,654 [INFO]   - 수동검토 필요: 14건
2026-03-09 15:37:41,655 [INFO] ============================================================
