2026-03-09 16:43:00,180 [INFO] ============================================================
2026-03-09 16:43:00,181 [INFO] MDM 표준화 엔진 v1.1 시작
2026-03-09 16:43:00,181 [INFO] 입력 파일: data/sample_input2.csv
2026-03-09 16:43:00,199 [INFO] 총 35행 로드
2026-03-09 16:43:00,231 [INFO] [1] RawInputNormalizer 완료
2026-03-09 16:43:01,012 [INFO] [DB] StandardDBLoader 초기화 완료
2026-03-09 16:43:01,013 [INFO] [1/35] 관리번호=28720870 품명=멜킨 반원형 폼롤러 EVA
2026-03-09 16:43:01,027 [INFO]   [6] FactFinder 스킵 (policy=BRAND_CENTERED)
2026-03-09 16:43:01,043 [INFO]   [9] 품명매핑: '멜킨 반원형 폼롤러 EVA' → '폼롤러' [medium]
2026-03-09 16:43:01,045 [INFO]   [10] 속성미충족: ['사이즈', '재질', '용량', '중량', '입수량']
2026-03-09 16:43:01,046 [INFO]   → 품명:폼롤러 | 제조사:MELKIN SPORTS | 모델명:EVA 폼롤러 반원형 | 정책:BRAND_CENTERED | 플래그:['FLAG_ATTR_INCOMPLETE']
2026-03-09 16:43:01,047 [INFO] [2/35] 관리번호=28720872 품명=AB 슬라이드 리바운드
2026-03-09 16:43:01,048 [INFO]   [6] FactFinder 스킵 (policy=GENERIC)
2026-03-09 16:43:01,150 [INFO]   [9] 품명매핑: 'AB 슬라이드 리바운드' → 'AB 슬라이드 리바운드' [low]
2026-03-09 16:43:01,158 [INFO]   → 품명:AB 슬라이드 리바운드 | 제조사:제로투히어로 | 모델명:AB Slide Rebound | 정책:GENERIC | 플래그:['FLAG_LOW_CONFIDENCE', 'FLAG_CATEGORY_UNKNOWN']
2026-03-09 16:43:01,159 [INFO] [3/35] 관리번호=28720892 품명=ES-1100 스트라이크 PS락
2026-03-09 16:43:01,160 [INFO]   [6] FactFinder 스킵 (policy=GENERIC)
2026-03-09 16:43:01,265 [INFO]   [9] 품명매핑: 'ES-1100 스트라이크 PS락' → 'ES-1100 스트라이크 PS락' [low]
2026-03-09 16:43:01,265 [INFO]   → 품명:ES-1100 스트라이크 PS락 | 제조사:시중품 | 모델명: | 정책:GENERIC | 플래그:['FLAG_SIJUNGPUM', 'FLAG_MODEL_MISSING', 'FLAG_STORE_AS_MAKER', 'FLAG_URL_ONLY_EVIDENCE', 'FLAG_CATEGORY_UNKNOWN']
2026-03-09 16:43:01,266 [INFO] [4/35] 관리번호=28721041 품명=와샤
2026-03-09 16:43:01,267 [INFO]   [6] FactFinder 스킵 (policy=GENERIC)
2026-03-09 16:43:01,375 [INFO]   [9] 품명매핑: '와샤' → '와샤' [low]
2026-03-09 16:43:01,376 [INFO]   → 품명:와샤 | 제조사:시중품 | 모델명: | 정책:GENERIC | 플래그:['FLAG_SIJUNGPUM', 'FLAG_MODEL_MISSING', 'FLAG_LOW_CONFIDENCE', 'FLAG_CATEGORY_UNKNOWN']
2026-03-09 16:43:01,377 [INFO] [5/35] 관리번호=28721055 품명=Accelerometer
2026-03-09 16:43:01,381 [INFO]   [9] 품명매핑: 'Accelerometer' → '가속도센서' [high]
2026-03-09 16:43:01,382 [INFO]   [10] 속성미충족: ['사이즈', '중량', '측정범위', '정격전압', '출력(W)', '배선사양']
2026-03-09 16:43:01,395 [INFO]   → 품명:가속도센서 | 제조사:MEGGITT | 모델명:144-202-000-105 | 정책:MODEL_CENTERED | 플래그:['FLAG_ATTR_INCOMPLETE']
2026-03-09 16:43:01,396 [INFO] [6/35] 관리번호=28721059 품명=Accelerometer
2026-03-09 16:43:01,398 [INFO]   [9] 품명매핑: 'Accelerometer' → '가속도센서' [high]
2026-03-09 16:43:01,398 [INFO]   [10] 속성미충족: ['사이즈', '중량', '측정범위', '정격전압', '출력(W)', '배선사양']
2026-03-09 16:43:01,408 [INFO]   → 품명:가속도센서 | 제조사:MEGGITT | 모델명:144-202-000-215 | 정책:MODEL_CENTERED | 플래그:['FLAG_ATTR_INCOMPLETE']
2026-03-09 16:43:01,409 [INFO] [7/35] 관리번호=28721070 품명=이어폰
2026-03-09 16:43:01,412 [INFO]   [9] 품명매핑: '이어폰' → '이어폰' [high]
2026-03-09 16:43:01,412 [INFO]   [10] 속성미충족: ['사이즈', '주파수', '출력인피던스', '구성', '타입']
2026-03-09 16:43:01,413 [INFO]   → 품명:이어폰 | 제조사:삼성전자 | 모델명:EO-IC100BBEGKR | 정책:MODEL_CENTERED | 플래그:['FLAG_ATTR_INCOMPLETE']
2026-03-09 16:43:01,414 [INFO] [8/35] 관리번호=28721109 품명=근접센서
2026-03-09 16:43:01,417 [INFO]   [9] 품명매핑: '근접센서' → '근접센서' [high]
2026-03-09 16:43:01,417 [INFO]   [10] 속성미충족: ['중량', '출력(W)']
2026-03-09 16:43:01,426 [INFO]   → 품명:근접센서 | 제조사:MEGGITT | 모델명:111-902-000-011-A5-B1-C72-D2-E10000-F2-G9800-H10 | 정책:MODEL_CENTERED | 플래그:['FLAG_ATTR_INCOMPLETE']
2026-03-09 16:43:01,427 [INFO] [9/35] 관리번호=28721118 품명=Flexible Hose
2026-03-09 16:43:01,428 [INFO]   [6] FactFinder 스킵 (policy=SPEC_CENTERED)
2026-03-09 16:43:01,442 [INFO]   [9] 품명매핑: 'Flexible Hose' → '플렉시블' [high]
2026-03-09 16:43:01,442 [INFO]   [10] 속성미충족: ['색상', '입수량']
2026-03-09 16:43:01,443 [INFO]   → 품명:플렉시블 | 제조사:시중품 | 모델명: | 정책:SPEC_CENTERED | 플래그:['FLAG_SIJUNGPUM', 'FLAG_MODEL_MISSING', 'FLAG_URL_ONLY_EVIDENCE', 'FLAG_ATTR_INCOMPLETE']
2026-03-09 16:43:01,444 [INFO] [10/35] 관리번호=28721143 품명=마스크
2026-03-09 16:43:01,445 [INFO]   [6] FactFinder 스킵 (policy=BRAND_CENTERED)
2026-03-09 16:43:01,447 [INFO]   [9] 품명매핑: '마스크' → '마스크' [high]
2026-03-09 16:43:01,447 [INFO]   [10] 속성미충족: ['사이즈', '재질', '색상', '등급', '사용시간', '입수량', '타입']
2026-03-09 16:43:01,448 [INFO]   → 품명:마스크 | 제조사:시중품 | 모델명: | 정책:BRAND_CENTERED | 플래그:['FLAG_SIJUNGPUM', 'FLAG_MODEL_MISSING', 'FLAG_STORE_AS_MAKER', 'FLAG_URL_ONLY_EVIDENCE', 'FLAG_ATTR_INCOMPLETE']
2026-03-09 16:43:01,448 [INFO] [11/35] 관리번호=28721145 품명=Flexible Hose
2026-03-09 16:43:01,449 [INFO]   [6] FactFinder 스킵 (policy=SPEC_CENTERED)
2026-03-09 16:43:01,461 [INFO]   [9] 품명매핑: 'Flexible Hose' → '플렉시블' [high]
2026-03-09 16:43:01,462 [INFO]   [10] 속성미충족: ['재질', '색상', '입수량', '타입']
2026-03-09 16:43:01,462 [INFO]   → 품명:플렉시블 | 제조사:시중품 | 모델명: | 정책:SPEC_CENTERED | 플래그:['FLAG_SIJUNGPUM', 'FLAG_MODEL_MISSING', 'FLAG_URL_ONLY_EVIDENCE', 'FLAG_ATTR_INCOMPLETE']
2026-03-09 16:43:01,463 [INFO] [12/35] 관리번호=28721153 품명=Signal Conditional
2026-03-09 16:43:01,466 [INFO]   [9] 품명매핑: 'Signal Conditional' → '신호변환기' [high]
2026-03-09 16:43:01,466 [INFO]   [10] 속성미충족: ['사이즈', '포트수', '접속타입', '정격전압', '타입']
2026-03-09 16:43:01,475 [INFO]   → 품명:신호변환기 | 제조사:MEGGITT | 모델명:244-707-000-012-A3-B1-C7554-D3-E5-F5000-G2 | 정책:MODEL_CENTERED | 플래그:['FLAG_ATTR_INCOMPLETE']
2026-03-09 16:43:01,477 [INFO] [13/35] 관리번호=28721198 품명=OTHER INSTRUMENT ACCESSORY
2026-03-09 16:43:01,478 [INFO]   [6] FactFinder 스킵 (policy=GENERIC)
2026-03-09 16:43:01,480 [INFO]   [9] 품명매핑: 'OTHER INSTRUMENT ACCESSORY' → 'OTHER INSTRUMENT ACCESSORY' [high]
2026-03-09 16:43:01,480 [INFO]   [10] 속성미충족: ['재질', '색상', '용도', '타입']
2026-03-09 16:43:01,481 [INFO]   → 품명:OTHER INSTRUMENT ACCESSORY | 제조사:YAMAWA | 모델명:JM00000770 | 정책:GENERIC | 플래그:['FLAG_ATTR_INCOMPLETE']
2026-03-09 16:43:01,482 [INFO] [14/35] 관리번호=28721199 품명=OTHER INSTRUMENT ACCESSORY
2026-03-09 16:43:01,484 [INFO]   [6] FactFinder 스킵 (policy=GENERIC)
2026-03-09 16:43:01,485 [INFO]   [9] 품명매핑: 'OTHER INSTRUMENT ACCESSORY' → 'OTHER INSTRUMENT ACCESSORY' [high]
2026-03-09 16:43:01,485 [INFO]   [10] 속성미충족: ['재질', '색상', '용도', '타입']
2026-03-09 16:43:01,486 [INFO]   → 품명:OTHER INSTRUMENT ACCESSORY | 제조사:YAMAWA | 모델명:JM00000770 | 정책:GENERIC | 플래그:['FLAG_ATTR_INCOMPLETE']
2026-03-09 16:43:01,487 [INFO] [15/35] 관리번호=28721206 품명=MONITORING DEVICE
2026-03-09 16:43:01,489 [INFO]   [9] 품명매핑: 'MONITORING DEVICE' → '모니터' [high]
2026-03-09 16:43:01,490 [INFO]   [10] 속성미충족: ['화면사이즈', '패널타입', '해상도', '색상', '타입']
2026-03-09 16:43:01,491 [INFO]   → 품명:모니터 | 제조사:HP | 모델명:JM00000509 | 정책:MODEL_CENTERED | 플래그:['FLAG_ATTR_INCOMPLETE']
2026-03-09 16:43:01,491 [INFO] [16/35] 관리번호=28721212 품명=감압밸브
2026-03-09 16:43:01,493 [INFO]   [6] FactFinder 스킵 (policy=SPEC_CENTERED)
2026-03-09 16:43:01,494 [INFO]   [9] 품명매핑: '감압밸브' → '감압밸브' [high]
2026-03-09 16:43:01,495 [INFO]   [10] 속성미충족: ['중량', '사용유체', '사용압력', '접속구경', '포트형태', '작동타입']
2026-03-09 16:43:01,496 [INFO]   → 품명:감압밸브 | 제조사:KOSO | 모델명:PRF308 | 정책:SPEC_CENTERED | 플래그:['FLAG_CONFLICT_MODEL', 'FLAG_ATTR_INCOMPLETE']
2026-03-09 16:43:01,497 [INFO] [17/35] 관리번호=28721228 품명=NOTEBOOK_LEGION PRO 7I_LENOVO_
2026-03-09 16:43:01,498 [INFO]   FactFinder 실행: maker_missing
2026-03-09 16:43:01,498 [INFO]   네이버 검색: B3237831
2026-03-09 16:43:02,751 [INFO]   [9] 품명매핑: 'NOTEBOOK_LEGION PRO 7I_LENOVO_16INCH GEN 10' → '노트북' [high]
2026-03-09 16:43:02,752 [INFO]   [10] 속성미충족: ['CPU', '그래픽카드', '패널', '메모리용량', '저장장치', 'ODD', '입출력포트', '네트워크', '구성']
2026-03-09 16:43:02,752 [INFO]   → 품명:노트북 | 제조사:시중품 | 모델명:B3237831 | 정책:MODEL_CENTERED | 플래그:['FLAG_SIJUNGPUM', 'FLAG_ATTR_INCOMPLETE']
2026-03-09 16:43:02,752 [INFO] [18/35] 관리번호=28721242 품명=충전햄머드릴
2026-03-09 16:43:02,753 [INFO]   FactFinder 실행: maker_missing
2026-03-09 16:43:02,753 [INFO]   네이버 검색: 충전햄머드릴
2026-03-09 16:43:03,825 [INFO]   NaverFact 성공: ['디월트', '자야', '인창자야', '스탠맨', '마끼다']
2026-03-09 16:43:03,833 [INFO]   [9] 품명매핑: '충전햄머드릴' → '충전햄머드릴' [high]
2026-03-09 16:43:03,834 [INFO]   [10] 속성미충족: ['사이즈', 'RPM(분당회전수)', '중량', '토크(회전력)', '적용악세서리사이즈', '정격전력']
2026-03-09 16:43:04,003 [INFO]   [11] 제조사 비표준: '디월트' → 후보: []
2026-03-09 16:43:04,003 [INFO]   → 품명:충전햄머드릴 | 제조사:디월트 | 모델명:DCH273 | 정책:MODEL_CENTERED | 플래그:['FLAG_URL_ONLY_EVIDENCE', 'FLAG_ATTR_INCOMPLETE', 'FLAG_MAKER_NONSTANDARD']
2026-03-09 16:43:04,004 [INFO] [19/35] 관리번호=28721247 품명=기타 일반잡화
2026-03-09 16:43:04,004 [INFO]   [6] FactFinder 스킵 (policy=GENERIC)
2026-03-09 16:43:04,084 [INFO]   [9] 품명매핑: '기타 일반잡화' → '기타 일반잡화' [low]
2026-03-09 16:43:04,084 [INFO]   → 품명:기타 일반잡화 | 제조사:시중품 | 모델명:JM00003393 | 정책:GENERIC | 플래그:['FLAG_SIJUNGPUM', 'FLAG_LOW_CONFIDENCE']
2026-03-09 16:43:04,085 [INFO] [20/35] 관리번호=28721248 품명=토탈스테이션용 Ball Target
2026-03-09 16:43:04,085 [INFO]   처리불가: 제작품/주문제작
2026-03-09 16:43:04,085 [INFO]   → 처리불가: 제작품/주문제작
2026-03-09 16:43:04,086 [INFO] [21/35] 관리번호=28721313 품명=더함 벽걸이 브라켓 LG 삼성 TV 호환 상하좌우 각도
2026-03-09 16:43:04,086 [INFO]   FactFinder 실행: model_missing (MODEL_CENTERED)
2026-03-09 16:43:04,087 [INFO]   네이버 검색: 더함 벽걸이 브라켓 LG 삼성 TV 호환 상하좌우 각도조절 라이트 티비거치대
2026-03-09 16:43:04,989 [INFO]   NaverFact 성공: ['더함', '라이트컴']
2026-03-09 16:43:05,072 [INFO]   [9] 품명매핑: '더함 벽걸이 브라켓 LG 삼성 TV 호환 상하좌우 각도조절 라이트 티비거치대' → '더함 벽걸이 브라켓 LG 삼성 TV 호환 상하좌우 각도조절 라이트 티비거치대' [low]
2026-03-09 16:43:05,074 [INFO]   → 품명:더함 벽걸이 브라켓 LG 삼성 TV 호환 상하좌우 각도조절 라이트 티비거치대 | 제조사:더함 | 모델명: | 정책:MODEL_CENTERED | 플래그:['FLAG_MODEL_MISSING', 'FLAG_LOW_CONFIDENCE']
2026-03-09 16:43:05,075 [INFO] [22/35] 관리번호=28721333 품명=300MM LEC 계면활성제 범우 W-467
2026-03-09 16:43:05,075 [INFO]   [6] FactFinder 스킵 (policy=CHEM_CENTERED)
2026-03-09 16:43:05,085 [INFO]   [9] 품명매핑: '300MM LEC 계면활성제 범우 W-467' → '계면활성제' [medium]
2026-03-09 16:43:05,086 [INFO]   [10] 속성미충족: ['중량', '순도', '등급', 'Cas.No', '입수량', '유해화학물질여부']
2026-03-09 16:43:05,086 [INFO]   → 품명:계면활성제 | 제조사:시중품 | 모델명:6300000761 | 정책:CHEM_CENTERED | 플래그:['FLAG_SIJUNGPUM', 'FLAG_ATTR_INCOMPLETE']
2026-03-09 16:43:05,087 [INFO] [23/35] 관리번호=28721397 품명=모니터 전원 케이블
2026-03-09 16:43:05,087 [INFO]   FactFinder 실행: maker_missing
2026-03-09 16:43:05,088 [INFO]   네이버 검색: LG LCAP26-E ADS-40FSH-19 19025G
2026-03-09 16:43:06,228 [INFO]   [9] 품명매핑: '모니터 전원 케이블' → '모니터 전원 케이블' [low]
2026-03-09 16:43:06,229 [INFO]   → 품명:모니터 전원 케이블 | 제조사:시중품 | 모델명:LG LCAP26-E ADS-40FSH-19 19025G | 정책:MODEL_CENTERED | 플래그:['FLAG_SIJUNGPUM', 'FLAG_LOW_CONFIDENCE']
2026-03-09 16:43:06,230 [INFO] [24/35] 관리번호=28721533 품명=TMA 시편 REMOVE JIG
2026-03-09 16:43:06,231 [INFO]   처리불가: 비표준확정 요청
2026-03-09 16:43:06,231 [INFO]   → 처리불가: 비표준확정 요청
2026-03-09 16:43:06,232 [INFO] [25/35] 관리번호=28721554 품명=시설자재
2026-03-09 16:43:06,232 [INFO]   [6] FactFinder 스킵 (policy=GENERIC)
2026-03-09 16:43:06,330 [INFO]   [9] 품명매핑: '시설자재' → '시설자재' [low]
2026-03-09 16:43:06,331 [INFO]   → 품명:시설자재 | 제조사:시중품 | 모델명: | 정책:GENERIC | 플래그:['FLAG_SIJUNGPUM', 'FLAG_MODEL_MISSING', 'FLAG_LOW_CONFIDENCE', 'FLAG_CATEGORY_UNKNOWN']
2026-03-09 16:43:06,332 [INFO] [26/35] 관리번호=28721632 품명=에어실린더
2026-03-09 16:43:06,334 [INFO]   [9] 품명매핑: '에어실린더' → '에어실린더' [high]
2026-03-09 16:43:06,335 [INFO]   [10] 속성미충족: ['튜브내경', '스트로크', '재질', '사용압력', '스위치수', '작동타입', '토크(회전력)', '실린더타입']
2026-03-09 16:43:06,341 [INFO]   → 품명:에어실린더 | 제조사:SMC | 모델명:MHL2-20D | 정책:MODEL_CENTERED | 플래그:['FLAG_ATTR_INCOMPLETE']
2026-03-09 16:43:06,342 [INFO] [27/35] 관리번호=28721693 품명=Cooling Fan
2026-03-09 16:43:06,344 [INFO]   [9] 품명매핑: 'Cooling Fan' → '쿨링팬' [high]
2026-03-09 16:43:06,345 [INFO]   [10] 속성미충족: ['사이즈', '날개사이즈', '중량', 'RPM(분당회전수)', '풍량', '정격전력', '타입']
2026-03-09 16:43:06,573 [INFO]   [11] 제조사 비표준: 'ebmpapst' → 후보: []
2026-03-09 16:43:06,574 [INFO]   → 품명:쿨링팬 | 제조사:ebmpapst | 모델명:P00BMBKW | 정책:MODEL_CENTERED | 플래그:['FLAG_ATTR_INCOMPLETE', 'FLAG_MAKER_NONSTANDARD']
2026-03-09 16:43:06,574 [INFO] [28/35] 관리번호=28721695 품명=상품권/티켓
2026-03-09 16:43:06,575 [INFO]   [6] FactFinder 스킵 (policy=BRAND_CENTERED)
2026-03-09 16:43:06,697 [INFO]   [9] 품명매핑: '상품권/티켓' → '상품권/티켓' [low]
2026-03-09 16:43:06,698 [INFO]   → 품명:상품권/티켓 | 제조사:시중품 | 모델명:JM00002572 | 정책:BRAND_CENTERED | 플래그:['FLAG_SIJUNGPUM', 'FLAG_LOW_CONFIDENCE']
2026-03-09 16:43:06,699 [INFO] [29/35] 관리번호=28721820 품명=방수라벨
2026-03-09 16:43:06,699 [INFO]   FactFinder 실행: model_missing (MODEL_CENTERED)
2026-03-09 16:43:06,700 [INFO]   네이버 검색: 방수라벨 PP
2026-03-09 16:43:07,618 [INFO]   NaverFact 성공: ['한국폼텍']
2026-03-09 16:43:07,626 [INFO]   [9] 품명매핑: '방수라벨' → '방수라벨' [high]
2026-03-09 16:43:07,626 [INFO]   [10] 속성미충족: ['사이즈', '평량', '색상']
2026-03-09 16:43:07,627 [INFO]   → 품명:방수라벨 | 제조사:코스틱폼텍 | 모델명:PP-3130 | 정책:MODEL_CENTERED | 플래그:['FLAG_ATTR_INCOMPLETE']
2026-03-09 16:43:07,628 [INFO] [30/35] 관리번호=28721822 품명=포세식 도기
2026-03-09 16:43:07,628 [INFO]   [6] FactFinder 스킵 (policy=GENERIC)
2026-03-09 16:43:07,714 [INFO]   [9] 품명매핑: '포세식 도기' → '포세식 도기' [low]
2026-03-09 16:43:07,720 [INFO]   → 품명:포세식 도기 | 제조사:동성전기 | 모델명: | 정책:GENERIC | 플래그:['FLAG_MODEL_MISSING', 'FLAG_LOW_CONFIDENCE', 'FLAG_CATEGORY_UNKNOWN']
2026-03-09 16:43:07,721 [INFO] [31/35] 관리번호=28721827 품명=포세식 기포관
2026-03-09 16:43:07,721 [INFO]   처리불가: 비표준확정 요청
2026-03-09 16:43:07,722 [INFO]   → 처리불가: 비표준확정 요청
2026-03-09 16:43:07,722 [INFO] [32/35] 관리번호=28721923 품명=SHOULDER PLUG GASKET(AR-E5103A
2026-03-09 16:43:07,723 [INFO]   처리불가: 비표준확정 요청
2026-03-09 16:43:07,723 [INFO]   → 처리불가: 비표준확정 요청
2026-03-09 16:43:07,723 [INFO] [33/35] 관리번호=28721951 품명=폐기물봉투
2026-03-09 16:43:07,724 [INFO]   처리불가: 비표준확정 요청
2026-03-09 16:43:07,724 [INFO]   → 처리불가: 비표준확정 요청
2026-03-09 16:43:07,725 [INFO] [34/35] 관리번호=28721973 품명=TETRA FITTING(5101-BIC1)
2026-03-09 16:43:07,725 [INFO]   처리불가: 비표준확정 요청
2026-03-09 16:43:07,725 [INFO]   → 처리불가: 비표준확정 요청
2026-03-09 16:43:07,726 [INFO] [35/35] 관리번호=28722041 품명=AN 012
2026-03-09 16:43:07,727 [INFO]   [6] FactFinder 스킵 (policy=SPEC_CENTERED)
2026-03-09 16:43:07,815 [INFO]   [9] 품명매핑: 'AN 012' → 'AN 012' [low]
2026-03-09 16:43:08,031 [INFO]   [11] 제조사 비표준: '미스미' → 후보: []
2026-03-09 16:43:08,032 [INFO]   → 품명:AN 012 | 제조사:미스미 | 모델명: | 정책:SPEC_CENTERED | 플래그:['FLAG_MODEL_MISSING', 'FLAG_URL_ONLY_EVIDENCE', 'FLAG_MAKER_NONSTANDARD']
2026-03-09 16:43:08,513 [INFO] 
결과 저장 완료: output\표준화결과_20260309_164308.xlsx
2026-03-09 16:43:08,514 [INFO] ============================================================
2026-03-09 16:43:08,514 [INFO] 처리 완료: 총 35건
2026-03-09 16:43:08,514 [INFO]   - 표준화 성공: 29건
2026-03-09 16:43:08,514 [INFO]   - 처리불가:   6건
2026-03-09 16:43:08,514 [INFO]   - 수동검토 필요: 15건
2026-03-09 16:43:08,514 [INFO] ============================================================
